INFO:     Will watch for changes in these directories: ['C:\\Users\\keiran.moores\\PycharmProjects\\Charity-Match-Tool']
INFO:     Uvicorn running on http://0.0.0.0:8000 (Press CTRL+C to quit)
INFO:     Started reloader process [26068] using WatchFiles
INFO:     Started server process [20784]
INFO:     Waiting for application startup.
INFO:     Application startup complete.
WARNING:  WatchFiles detected changes in 'app\matcher.py'. Reloading...
INFO:     Shutting down
INFO:     Waiting for application shutdown.
INFO:     Application shutdown complete.
INFO:     Finished server process [20784]
INFO:     Started server process [23476]
INFO:     Waiting for application startup.
INFO:     Application startup complete.
WARNING:  WatchFiles detected changes in 'main.py'. Reloading...
INFO:     Shutting down
INFO:     Waiting for application shutdown.
INFO:     Application shutdown complete.
INFO:     Finished server process [23476]
INFO:     Started server process [8000]
INFO:     Waiting for application startup.
INFO:     Application startup complete.
